<?xml version="1.0" encoding="UTF-8"?>
<!-- Generated by org.testng.reporters.JUnitReportReporter -->
<testsuite hostname="LAPTOP-BCPBAO6S" failures="0" tests="1" name="Test1" time="7.128" errors="0" timestamp="25 Jul 2020 02:05:18 GMT" skipped="0">
  <testcase classname="Test1" name="navigateTo" time="7.128"/>
</testsuite> <!-- Test1 -->
